#-----------------------------------------------------------
# Vivado v2020.2 (64-bit)
# SW Build 3064766 on Wed Nov 18 09:12:45 MST 2020
# IP Build 3064653 on Wed Nov 18 14:17:31 MST 2020
# Start of session at: Sun May 21 18:21:58 2023
# Process ID: 4952
# Current directory: C:/Users/mfall/Desktop/sandbox/projects/rmii_rx/vivado
# Command line: vivado.exe -gui_launcher_event rodinguilauncherevent8848 C:\Users\mfall\Desktop\sandbox\projects\rmii_rx\vivado\project_1.xpr
# Log file: C:/Users/mfall/Desktop/sandbox/projects/rmii_rx/vivado/vivado.log
# Journal file: C:/Users/mfall/Desktop/sandbox/projects/rmii_rx/vivado\vivado.jou
#-----------------------------------------------------------
start_gui
open_project C:/Users/mfall/Desktop/sandbox/projects/rmii_rx/vivado/project_1.xpr
Scanning sources...
Finished scanning sources
INFO: [IP_Flow 19-234] Refreshing IP repositories
INFO: [IP_Flow 19-1704] No user IP repositories specified
INFO: [IP_Flow 19-2313] Loaded Vivado IP repository 'C:/Xilinx/Vivado/2020.2/data/ip'.
WARNING: [IP_Flow 19-3664] IP 'design_1_uart_wrapper_0_0' generated file not found 'c:/Users/mfall/Desktop/sandbox/projects/rmii_rx/vivado/project_1.gen/sources_1/bd/design_1/ip/design_1_uart_wrapper_0_0/design_1_uart_wrapper_0_0.dcp'. Please regenerate to continue.
WARNING: [IP_Flow 19-3664] IP 'design_1_uart_wrapper_0_0' generated file not found 'c:/Users/mfall/Desktop/sandbox/projects/rmii_rx/vivado/project_1.gen/sources_1/bd/design_1/ip/design_1_uart_wrapper_0_0/design_1_uart_wrapper_0_0_stub.v'. Please regenerate to continue.
WARNING: [IP_Flow 19-3664] IP 'design_1_uart_wrapper_0_0' generated file not found 'c:/Users/mfall/Desktop/sandbox/projects/rmii_rx/vivado/project_1.gen/sources_1/bd/design_1/ip/design_1_uart_wrapper_0_0/design_1_uart_wrapper_0_0_stub.vhdl'. Please regenerate to continue.
WARNING: [IP_Flow 19-3664] IP 'design_1_uart_wrapper_0_0' generated file not found 'c:/Users/mfall/Desktop/sandbox/projects/rmii_rx/vivado/project_1.gen/sources_1/bd/design_1/ip/design_1_uart_wrapper_0_0/design_1_uart_wrapper_0_0_sim_netlist.v'. Please regenerate to continue.
WARNING: [IP_Flow 19-3664] IP 'design_1_uart_wrapper_0_0' generated file not found 'c:/Users/mfall/Desktop/sandbox/projects/rmii_rx/vivado/project_1.gen/sources_1/bd/design_1/ip/design_1_uart_wrapper_0_0/design_1_uart_wrapper_0_0_sim_netlist.vhdl'. Please regenerate to continue.
WARNING: [IP_Flow 19-3664] IP 'design_1_wrapper_0_0' generated file not found 'c:/Users/mfall/Desktop/sandbox/projects/rmii_rx/vivado/project_1.gen/sources_1/bd/design_1/ip/design_1_wrapper_0_0/design_1_wrapper_0_0.dcp'. Please regenerate to continue.
WARNING: [IP_Flow 19-3664] IP 'design_1_wrapper_0_0' generated file not found 'c:/Users/mfall/Desktop/sandbox/projects/rmii_rx/vivado/project_1.gen/sources_1/bd/design_1/ip/design_1_wrapper_0_0/design_1_wrapper_0_0_stub.v'. Please regenerate to continue.
WARNING: [IP_Flow 19-3664] IP 'design_1_wrapper_0_0' generated file not found 'c:/Users/mfall/Desktop/sandbox/projects/rmii_rx/vivado/project_1.gen/sources_1/bd/design_1/ip/design_1_wrapper_0_0/design_1_wrapper_0_0_stub.vhdl'. Please regenerate to continue.
WARNING: [IP_Flow 19-3664] IP 'design_1_wrapper_0_0' generated file not found 'c:/Users/mfall/Desktop/sandbox/projects/rmii_rx/vivado/project_1.gen/sources_1/bd/design_1/ip/design_1_wrapper_0_0/design_1_wrapper_0_0_sim_netlist.v'. Please regenerate to continue.
WARNING: [IP_Flow 19-3664] IP 'design_1_wrapper_0_0' generated file not found 'c:/Users/mfall/Desktop/sandbox/projects/rmii_rx/vivado/project_1.gen/sources_1/bd/design_1/ip/design_1_wrapper_0_0/design_1_wrapper_0_0_sim_netlist.vhdl'. Please regenerate to continue.
open_project: Time (s): cpu = 00:00:13 ; elapsed = 00:00:06 . Memory (MB): peak = 1110.562 ; gain = 0.000
