#-----------------------------------------------------------
# Vivado v2020.2 (64-bit)
# SW Build 3064766 on Wed Nov 18 09:12:45 MST 2020
# IP Build 3064653 on Wed Nov 18 14:17:31 MST 2020
# Start of session at: Wed May 17 14:15:49 2023
# Process ID: 15640
# Current directory: C:/Users/mfall/Desktop/sandbox/projects/network_stack/vivado
# Command line: vivado.exe -gui_launcher_event rodinguilauncherevent3224 C:\Users\mfall\Desktop\sandbox\projects\network_stack\vivado\network_stack.xpr
# Log file: C:/Users/mfall/Desktop/sandbox/projects/network_stack/vivado/vivado.log
# Journal file: C:/Users/mfall/Desktop/sandbox/projects/network_stack/vivado\vivado.jou
#-----------------------------------------------------------
start_gui
open_project C:/Users/mfall/Desktop/sandbox/projects/network_stack/vivado/network_stack.xpr
Scanning sources...
Finished scanning sources
INFO: [IP_Flow 19-234] Refreshing IP repositories
INFO: [IP_Flow 19-1704] No user IP repositories specified
INFO: [IP_Flow 19-2313] Loaded Vivado IP repository 'C:/Xilinx/Vivado/2020.2/data/ip'.
update_compile_order -fileset sources_1
open_bd_design {C:/Users/mfall/Desktop/sandbox/projects/network_stack/vivado/network_stack.srcs/sources_1/bd/block_design/block_design.bd}
Reading block design file <C:/Users/mfall/Desktop/sandbox/projects/network_stack/vivado/network_stack.srcs/sources_1/bd/block_design/block_design.bd>...
Successfully read diagram <block_design> from block design file <C:/Users/mfall/Desktop/sandbox/projects/network_stack/vivado/network_stack.srcs/sources_1/bd/block_design/block_design.bd>
open_bd_design: Time (s): cpu = 00:00:06 ; elapsed = 00:00:06 . Memory (MB): peak = 1109.312 ; gain = 0.000
exit
INFO: [Common 17-206] Exiting Vivado at Wed May 17 14:16:33 2023...
